<?xml version="1.0" encoding="UTF-8"?><testsuite errors="0" failures="1" name="com.smartclient.bookininfo.BookingCURDTest" skipped="0" tests="1" time="4.24" timestamp="2022-06-24T10:45:18.745+01:00[Europe/London]"><testcase classname="com.smartclient.bookininfo.BookingCURDTest" name="Get the booking"><failure message="1 expectation failed.&#10;Expected status code &lt;200&gt; but was &lt;400&gt;.&#10;" type="java.lang.AssertionError">1 expectation failed.
Expected status code &lt;200&gt; but was &lt;400&gt;.
</failure><system-err>1 expectation failed.
Expected status code &lt;200&gt; but was &lt;400&gt;.
&#13;
io.restassured.internal.ResponseSpecificationImpl.validateResponseIfRequired(ResponseSpecificationImpl.groovy:636)&#13;
io.restassured.internal.ResponseSpecificationImpl.statusCode(ResponseSpecificationImpl.groovy:122)&#13;
io.restassured.internal.ResponseSpecificationImpl.statusCode(ResponseSpecificationImpl.groovy:130)&#13;
io.restassured.internal.ValidatableResponseOptionsImpl.statusCode(ValidatableResponseOptionsImpl.java:117)&#13;
com.smartclient.bookininfo.BookingCURDTest.test002(BookingCURDTest.java:28)&#13;
</system-err></testcase></testsuite>